[INFO  - 2018-09-01T17:10:06.722Z] GhostDriver - Main - running on port 53401
[INFO  - 2018-09-01T17:10:06.787Z] Session [dfd1d6d0-ae09-11e8-864d-dff8e60a65e9] - page.settings - {"XSSAuditingEnabled":false,"javascriptCanCloseWindows":true,"javascriptCanOpenWindows":true,"javascriptEnabled":true,"loadImages":false,"localToRemoteUrlAccessEnabled":false,"userAgent":"Mozilla/5.0 (Macintosh; Intel Mac OS X) AppleWebKit/538.1 (KHTML, like Gecko) PhantomJS/2.1.1 Safari/538.1","webSecurityEnabled":true}
[INFO  - 2018-09-01T17:10:06.787Z] Session [dfd1d6d0-ae09-11e8-864d-dff8e60a65e9] - page.customHeaders:  - {}
[INFO  - 2018-09-01T17:10:06.787Z] Session [dfd1d6d0-ae09-11e8-864d-dff8e60a65e9] - Session.negotiatedCapabilities - {"browserName":"phantomjs","version":"2.1.1","driverName":"ghostdriver","driverVersion":"1.2.0","platform":"mac-unknown-64bit","javascriptEnabled":true,"takesScreenshot":true,"handlesAlerts":false,"databaseEnabled":false,"locationContextEnabled":false,"applicationCacheEnabled":false,"browserConnectionEnabled":false,"cssSelectorsEnabled":true,"webStorageEnabled":false,"rotatable":false,"acceptSslCerts":false,"nativeEvents":true,"proxy":{"proxyType":"direct"}}
[INFO  - 2018-09-01T17:10:06.787Z] SessionManagerReqHand - _postNewSessionCommand - New Session Created: dfd1d6d0-ae09-11e8-864d-dff8e60a65e9
[ERROR - 2018-09-01T17:10:13.948Z] Session [dfd1d6d0-ae09-11e8-864d-dff8e60a65e9] - page.onError - msg: ReferenceError: Can't find variable: $

  phantomjs://platform/console++.js:263 in error
[ERROR - 2018-09-01T17:10:13.949Z] Session [dfd1d6d0-ae09-11e8-864d-dff8e60a65e9] - page.onError - stack:
  global code (http://www.orangetour.com.tw/EW/GO/GroupList.asp:138)

  phantomjs://platform/console++.js:263 in error
[ERROR - 2018-09-01T17:10:17.259Z] Session [dfd1d6d0-ae09-11e8-864d-dff8e60a65e9] - page.onError - msg: ErrorUtils caught an error: "<![EX[["Tried to listen to element of type %s from %s: %s","click","Error","C...". Subsequent errors won't be logged; see https://fburl.com/debugjs.

  phantomjs://platform/console++.js:263 in error
[ERROR - 2018-09-01T17:10:17.259Z] Session [dfd1d6d0-ae09-11e8-864d-dff8e60a65e9] - page.onError - stack:
  reportError (https://static.xx.fbcdn.net/rsrc.php/v3/yZ/r/yp_FG4YLi3r.js:60)

  phantomjs://platform/console++.js:263 in error
[ERROR - 2018-09-01T17:10:19.139Z] Session [dfd1d6d0-ae09-11e8-864d-dff8e60a65e9] - page.onError - msg: cannot call methods on masonry prior to initialization; attempted to call 'reloadItems'

  phantomjs://platform/console++.js:263 in error
[ERROR - 2018-09-01T17:10:19.139Z] Session [dfd1d6d0-ae09-11e8-864d-dff8e60a65e9] - page.onError - stack:
  (anonymous function) (http://www.orangetour.com.tw/eweb_asiantour/js/masonry.pkgd.min.js:9)

  phantomjs://platform/console++.js:263 in error
[ERROR - 2018-09-01T17:10:19.139Z] Session [dfd1d6d0-ae09-11e8-864d-dff8e60a65e9] - page.onError - msg: cannot call methods on masonry prior to initialization; attempted to call 'reloadItems'

  phantomjs://platform/console++.js:263 in error
[ERROR - 2018-09-01T17:10:19.139Z] Session [dfd1d6d0-ae09-11e8-864d-dff8e60a65e9] - page.onError - stack:
  (anonymous function) (http://www.orangetour.com.tw/eweb_asiantour/js/masonry.pkgd.min.js:9)

  phantomjs://platform/console++.js:263 in error
[ERROR - 2018-09-01T17:10:19.139Z] Session [dfd1d6d0-ae09-11e8-864d-dff8e60a65e9] - page.onError - msg: cannot call methods on masonry prior to initialization; attempted to call 'reloadItems'

  phantomjs://platform/console++.js:263 in error
[ERROR - 2018-09-01T17:10:19.139Z] Session [dfd1d6d0-ae09-11e8-864d-dff8e60a65e9] - page.onError - stack:
  (anonymous function) (http://www.orangetour.com.tw/eweb_asiantour/js/masonry.pkgd.min.js:9)

  phantomjs://platform/console++.js:263 in error
[ERROR - 2018-09-01T17:10:19.143Z] Session [dfd1d6d0-ae09-11e8-864d-dff8e60a65e9] - page.onError - msg: cannot call methods on masonry prior to initialization; attempted to call 'reloadItems'

  phantomjs://platform/console++.js:263 in error
[ERROR - 2018-09-01T17:10:19.143Z] Session [dfd1d6d0-ae09-11e8-864d-dff8e60a65e9] - page.onError - stack:
  (anonymous function) (http://www.orangetour.com.tw/eweb_asiantour/js/masonry.pkgd.min.js:9)

  phantomjs://platform/console++.js:263 in error
[ERROR - 2018-09-01T17:10:19.143Z] Session [dfd1d6d0-ae09-11e8-864d-dff8e60a65e9] - page.onError - msg: cannot call methods on masonry prior to initialization; attempted to call 'reloadItems'

  phantomjs://platform/console++.js:263 in error
[ERROR - 2018-09-01T17:10:19.143Z] Session [dfd1d6d0-ae09-11e8-864d-dff8e60a65e9] - page.onError - stack:
  (anonymous function) (http://www.orangetour.com.tw/eweb_asiantour/js/masonry.pkgd.min.js:9)

  phantomjs://platform/console++.js:263 in error
[ERROR - 2018-09-01T17:10:19.143Z] Session [dfd1d6d0-ae09-11e8-864d-dff8e60a65e9] - page.onError - msg: cannot call methods on masonry prior to initialization; attempted to call 'reloadItems'

  phantomjs://platform/console++.js:263 in error
[ERROR - 2018-09-01T17:10:19.143Z] Session [dfd1d6d0-ae09-11e8-864d-dff8e60a65e9] - page.onError - stack:
  (anonymous function) (http://www.orangetour.com.tw/eweb_asiantour/js/masonry.pkgd.min.js:9)

  phantomjs://platform/console++.js:263 in error
[ERROR - 2018-09-01T17:10:25.753Z] Session [dfd1d6d0-ae09-11e8-864d-dff8e60a65e9] - page.onError - msg: cannot call methods on masonry prior to initialization; attempted to call 'reloadItems'

  phantomjs://platform/console++.js:263 in error
[ERROR - 2018-09-01T17:10:25.753Z] Session [dfd1d6d0-ae09-11e8-864d-dff8e60a65e9] - page.onError - stack:
  (anonymous function) (http://www.orangetour.com.tw/eweb_asiantour/js/masonry.pkgd.min.js:9)

  phantomjs://platform/console++.js:263 in error
[ERROR - 2018-09-01T17:10:25.753Z] Session [dfd1d6d0-ae09-11e8-864d-dff8e60a65e9] - page.onError - msg: cannot call methods on masonry prior to initialization; attempted to call 'reloadItems'

  phantomjs://platform/console++.js:263 in error
[ERROR - 2018-09-01T17:10:25.753Z] Session [dfd1d6d0-ae09-11e8-864d-dff8e60a65e9] - page.onError - stack:
  (anonymous function) (http://www.orangetour.com.tw/eweb_asiantour/js/masonry.pkgd.min.js:9)

  phantomjs://platform/console++.js:263 in error
[ERROR - 2018-09-01T17:10:25.753Z] Session [dfd1d6d0-ae09-11e8-864d-dff8e60a65e9] - page.onError - msg: cannot call methods on masonry prior to initialization; attempted to call 'reloadItems'

  phantomjs://platform/console++.js:263 in error
[ERROR - 2018-09-01T17:10:25.753Z] Session [dfd1d6d0-ae09-11e8-864d-dff8e60a65e9] - page.onError - stack:
  (anonymous function) (http://www.orangetour.com.tw/eweb_asiantour/js/masonry.pkgd.min.js:9)

  phantomjs://platform/console++.js:263 in error
[ERROR - 2018-09-01T17:10:25.757Z] Session [dfd1d6d0-ae09-11e8-864d-dff8e60a65e9] - page.onError - msg: cannot call methods on masonry prior to initialization; attempted to call 'reloadItems'

  phantomjs://platform/console++.js:263 in error
[ERROR - 2018-09-01T17:10:25.757Z] Session [dfd1d6d0-ae09-11e8-864d-dff8e60a65e9] - page.onError - stack:
  (anonymous function) (http://www.orangetour.com.tw/eweb_asiantour/js/masonry.pkgd.min.js:9)

  phantomjs://platform/console++.js:263 in error
[ERROR - 2018-09-01T17:10:25.757Z] Session [dfd1d6d0-ae09-11e8-864d-dff8e60a65e9] - page.onError - msg: cannot call methods on masonry prior to initialization; attempted to call 'reloadItems'

  phantomjs://platform/console++.js:263 in error
[ERROR - 2018-09-01T17:10:25.757Z] Session [dfd1d6d0-ae09-11e8-864d-dff8e60a65e9] - page.onError - stack:
  (anonymous function) (http://www.orangetour.com.tw/eweb_asiantour/js/masonry.pkgd.min.js:9)

  phantomjs://platform/console++.js:263 in error
[ERROR - 2018-09-01T17:10:25.757Z] Session [dfd1d6d0-ae09-11e8-864d-dff8e60a65e9] - page.onError - msg: cannot call methods on masonry prior to initialization; attempted to call 'reloadItems'

  phantomjs://platform/console++.js:263 in error
[ERROR - 2018-09-01T17:10:25.757Z] Session [dfd1d6d0-ae09-11e8-864d-dff8e60a65e9] - page.onError - stack:
  (anonymous function) (http://www.orangetour.com.tw/eweb_asiantour/js/masonry.pkgd.min.js:9)

  phantomjs://platform/console++.js:263 in error
[ERROR - 2018-09-01T17:10:32.536Z] Session [dfd1d6d0-ae09-11e8-864d-dff8e60a65e9] - page.onError - msg: cannot call methods on masonry prior to initialization; attempted to call 'reloadItems'

  phantomjs://platform/console++.js:263 in error
[ERROR - 2018-09-01T17:10:32.543Z] Session [dfd1d6d0-ae09-11e8-864d-dff8e60a65e9] - page.onError - stack:
  (anonymous function) (http://www.orangetour.com.tw/eweb_asiantour/js/masonry.pkgd.min.js:9)

  phantomjs://platform/console++.js:263 in error
[ERROR - 2018-09-01T17:10:32.543Z] Session [dfd1d6d0-ae09-11e8-864d-dff8e60a65e9] - page.onError - msg: cannot call methods on masonry prior to initialization; attempted to call 'reloadItems'

  phantomjs://platform/console++.js:263 in error
[ERROR - 2018-09-01T17:10:32.544Z] Session [dfd1d6d0-ae09-11e8-864d-dff8e60a65e9] - page.onError - stack:
  (anonymous function) (http://www.orangetour.com.tw/eweb_asiantour/js/masonry.pkgd.min.js:9)

  phantomjs://platform/console++.js:263 in error
[ERROR - 2018-09-01T17:10:32.544Z] Session [dfd1d6d0-ae09-11e8-864d-dff8e60a65e9] - page.onError - msg: cannot call methods on masonry prior to initialization; attempted to call 'reloadItems'

  phantomjs://platform/console++.js:263 in error
[ERROR - 2018-09-01T17:10:32.544Z] Session [dfd1d6d0-ae09-11e8-864d-dff8e60a65e9] - page.onError - stack:
  (anonymous function) (http://www.orangetour.com.tw/eweb_asiantour/js/masonry.pkgd.min.js:9)

  phantomjs://platform/console++.js:263 in error
[ERROR - 2018-09-01T17:10:32.548Z] Session [dfd1d6d0-ae09-11e8-864d-dff8e60a65e9] - page.onError - msg: cannot call methods on masonry prior to initialization; attempted to call 'reloadItems'

  phantomjs://platform/console++.js:263 in error
[ERROR - 2018-09-01T17:10:32.548Z] Session [dfd1d6d0-ae09-11e8-864d-dff8e60a65e9] - page.onError - stack:
  (anonymous function) (http://www.orangetour.com.tw/eweb_asiantour/js/masonry.pkgd.min.js:9)

  phantomjs://platform/console++.js:263 in error
[ERROR - 2018-09-01T17:10:32.548Z] Session [dfd1d6d0-ae09-11e8-864d-dff8e60a65e9] - page.onError - msg: cannot call methods on masonry prior to initialization; attempted to call 'reloadItems'

  phantomjs://platform/console++.js:263 in error
[ERROR - 2018-09-01T17:10:32.548Z] Session [dfd1d6d0-ae09-11e8-864d-dff8e60a65e9] - page.onError - stack:
  (anonymous function) (http://www.orangetour.com.tw/eweb_asiantour/js/masonry.pkgd.min.js:9)

  phantomjs://platform/console++.js:263 in error
[ERROR - 2018-09-01T17:10:32.548Z] Session [dfd1d6d0-ae09-11e8-864d-dff8e60a65e9] - page.onError - msg: cannot call methods on masonry prior to initialization; attempted to call 'reloadItems'

  phantomjs://platform/console++.js:263 in error
[ERROR - 2018-09-01T17:10:32.548Z] Session [dfd1d6d0-ae09-11e8-864d-dff8e60a65e9] - page.onError - stack:
  (anonymous function) (http://www.orangetour.com.tw/eweb_asiantour/js/masonry.pkgd.min.js:9)

  phantomjs://platform/console++.js:263 in error
